{"C:\\Users\\SINFORMATIQUE\\OneDrive - SIBM\\Documents\\Dev\\PROJET-GFA\\backend\\src\\controllers\\authController.js": {"path":"C:\\Users\\SINFORMATIQUE\\OneDrive - SIBM\\Documents\\Dev\\PROJET-GFA\\backend\\src\\controllers\\authController.js","statementMap":{"0":{"start":{"line":7,"column":8},"end":{"line":39,"column":9}},"1":{"start":{"line":8,"column":56},"end":{"line":8,"column":64}},"2":{"start":{"line":11,"column":33},"end":{"line":13,"column":14}},"3":{"start":{"line":15,"column":12},"end":{"line":17,"column":13}},"4":{"start":{"line":16,"column":16},"end":{"line":16,"column":86}},"5":{"start":{"line":20,"column":25},"end":{"line":25,"column":14}},"6":{"start":{"line":28,"column":40},"end":{"line":28,"column":53}},"7":{"start":{"line":29,"column":12},"end":{"line":29,"column":48}},"8":{"start":{"line":31,"column":12},"end":{"line":34,"column":15}},"9":{"start":{"line":37,"column":12},"end":{"line":37,"column":56}},"10":{"start":{"line":38,"column":12},"end":{"line":38,"column":85}},"11":{"start":{"line":43,"column":8},"end":{"line":83,"column":9}},"12":{"start":{"line":44,"column":40},"end":{"line":44,"column":48}},"13":{"start":{"line":47,"column":25},"end":{"line":47,"column":65}},"14":{"start":{"line":48,"column":12},"end":{"line":50,"column":13}},"15":{"start":{"line":49,"column":16},"end":{"line":49,"column":91}},"16":{"start":{"line":53,"column":28},"end":{"line":53,"column":65}},"17":{"start":{"line":54,"column":12},"end":{"line":56,"column":13}},"18":{"start":{"line":55,"column":16},"end":{"line":55,"column":91}},"19":{"start":{"line":58,"column":12},"end":{"line":60,"column":13}},"20":{"start":{"line":59,"column":16},"end":{"line":59,"column":86}},"21":{"start":{"line":63,"column":26},"end":{"line":67,"column":13}},"22":{"start":{"line":69,"column":12},"end":{"line":78,"column":15}},"23":{"start":{"line":81,"column":12},"end":{"line":81,"column":50}},"24":{"start":{"line":82,"column":12},"end":{"line":82,"column":84}},"25":{"start":{"line":87,"column":8},"end":{"line":100,"column":9}},"26":{"start":{"line":89,"column":25},"end":{"line":91,"column":14}},"27":{"start":{"line":93,"column":12},"end":{"line":95,"column":13}},"28":{"start":{"line":94,"column":16},"end":{"line":94,"column":82}},"29":{"start":{"line":97,"column":12},"end":{"line":97,"column":39}},"30":{"start":{"line":99,"column":12},"end":{"line":99,"column":59}}},"fnMap":{"0":{"name":"(anonymous_0)","decl":{"start":{"line":6,"column":4},"end":{"line":6,"column":5}},"loc":{"start":{"line":6,"column":29},"end":{"line":40,"column":5}},"line":6},"1":{"name":"(anonymous_1)","decl":{"start":{"line":42,"column":4},"end":{"line":42,"column":5}},"loc":{"start":{"line":42,"column":26},"end":{"line":84,"column":5}},"line":42},"2":{"name":"(anonymous_2)","decl":{"start":{"line":86,"column":4},"end":{"line":86,"column":5}},"loc":{"start":{"line":86,"column":26},"end":{"line":101,"column":5}},"line":86}},"branchMap":{"0":{"loc":{"start":{"line":15,"column":12},"end":{"line":17,"column":13}},"type":"if","locations":[{"start":{"line":15,"column":12},"end":{"line":17,"column":13}},{"start":{},"end":{}}],"line":15},"1":{"loc":{"start":{"line":24,"column":22},"end":{"line":24,"column":45}},"type":"binary-expr","locations":[{"start":{"line":24,"column":22},"end":{"line":24,"column":26}},{"start":{"line":24,"column":30},"end":{"line":24,"column":45}}],"line":24},"2":{"loc":{"start":{"line":48,"column":12},"end":{"line":50,"column":13}},"type":"if","locations":[{"start":{"line":48,"column":12},"end":{"line":50,"column":13}},{"start":{},"end":{}}],"line":48},"3":{"loc":{"start":{"line":54,"column":12},"end":{"line":56,"column":13}},"type":"if","locations":[{"start":{"line":54,"column":12},"end":{"line":56,"column":13}},{"start":{},"end":{}}],"line":54},"4":{"loc":{"start":{"line":58,"column":12},"end":{"line":60,"column":13}},"type":"if","locations":[{"start":{"line":58,"column":12},"end":{"line":60,"column":13}},{"start":{},"end":{}}],"line":58},"5":{"loc":{"start":{"line":65,"column":16},"end":{"line":65,"column":90}},"type":"binary-expr","locations":[{"start":{"line":65,"column":16},"end":{"line":65,"column":38}},{"start":{"line":65,"column":42},"end":{"line":65,"column":90}}],"line":65},"6":{"loc":{"start":{"line":93,"column":12},"end":{"line":95,"column":13}},"type":"if","locations":[{"start":{"line":93,"column":12},"end":{"line":95,"column":13}},{"start":{},"end":{}}],"line":93}},"s":{"0":0,"1":0,"2":0,"3":0,"4":0,"5":0,"6":0,"7":0,"8":0,"9":0,"10":0,"11":0,"12":0,"13":0,"14":0,"15":0,"16":0,"17":0,"18":0,"19":0,"20":0,"21":0,"22":0,"23":0,"24":0,"25":0,"26":0,"27":0,"28":0,"29":0,"30":0},"f":{"0":0,"1":0,"2":0},"b":{"0":[0,0],"1":[0,0],"2":[0,0],"3":[0,0],"4":[0,0],"5":[0,0],"6":[0,0]}}
,"C:\\Users\\SINFORMATIQUE\\OneDrive - SIBM\\Documents\\Dev\\PROJET-GFA\\backend\\src\\controllers\\categoryController.js": {"path":"C:\\Users\\SINFORMATIQUE\\OneDrive - SIBM\\Documents\\Dev\\PROJET-GFA\\backend\\src\\controllers\\categoryController.js","statementMap":{"0":{"start":{"line":7,"column":8},"end":{"line":30,"column":9}},"1":{"start":{"line":8,"column":56},"end":{"line":8,"column":64}},"2":{"start":{"line":11,"column":29},"end":{"line":15,"column":14}},"3":{"start":{"line":17,"column":12},"end":{"line":20,"column":13}},"4":{"start":{"line":18,"column":33},"end":{"line":18,"column":81}},"5":{"start":{"line":19,"column":16},"end":{"line":19,"column":101}},"6":{"start":{"line":22,"column":29},"end":{"line":26,"column":14}},"7":{"start":{"line":27,"column":12},"end":{"line":27,"column":43}},"8":{"start":{"line":29,"column":12},"end":{"line":29,"column":59}},"9":{"start":{"line":35,"column":8},"end":{"line":43,"column":9}},"10":{"start":{"line":36,"column":31},"end":{"line":39,"column":14}},"11":{"start":{"line":40,"column":12},"end":{"line":40,"column":45}},"12":{"start":{"line":42,"column":12},"end":{"line":42,"column":59}},"13":{"start":{"line":48,"column":8},"end":{"line":60,"column":9}},"14":{"start":{"line":49,"column":27},"end":{"line":49,"column":37}},"15":{"start":{"line":50,"column":30},"end":{"line":52,"column":14}},"16":{"start":{"line":53,"column":12},"end":{"line":56,"column":13}},"17":{"start":{"line":54,"column":40},"end":{"line":54,"column":67}},"18":{"start":{"line":55,"column":16},"end":{"line":55,"column":61}},"19":{"start":{"line":57,"column":12},"end":{"line":57,"column":50}},"20":{"start":{"line":59,"column":12},"end":{"line":59,"column":59}},"21":{"start":{"line":65,"column":8},"end":{"line":76,"column":9}},"22":{"start":{"line":66,"column":27},"end":{"line":66,"column":37}},"23":{"start":{"line":67,"column":28},"end":{"line":69,"column":14}},"24":{"start":{"line":70,"column":12},"end":{"line":72,"column":13}},"25":{"start":{"line":71,"column":16},"end":{"line":71,"column":81}},"26":{"start":{"line":73,"column":12},"end":{"line":73,"column":50}},"27":{"start":{"line":75,"column":12},"end":{"line":75,"column":59}}},"fnMap":{"0":{"name":"(anonymous_0)","decl":{"start":{"line":6,"column":4},"end":{"line":6,"column":5}},"loc":{"start":{"line":6,"column":35},"end":{"line":31,"column":5}},"line":6},"1":{"name":"(anonymous_1)","decl":{"start":{"line":34,"column":4},"end":{"line":34,"column":5}},"loc":{"start":{"line":34,"column":37},"end":{"line":44,"column":5}},"line":34},"2":{"name":"(anonymous_2)","decl":{"start":{"line":47,"column":4},"end":{"line":47,"column":5}},"loc":{"start":{"line":47,"column":35},"end":{"line":61,"column":5}},"line":47},"3":{"name":"(anonymous_3)","decl":{"start":{"line":64,"column":4},"end":{"line":64,"column":5}},"loc":{"start":{"line":64,"column":35},"end":{"line":77,"column":5}},"line":64}},"branchMap":{"0":{"loc":{"start":{"line":17,"column":12},"end":{"line":20,"column":13}},"type":"if","locations":[{"start":{"line":17,"column":12},"end":{"line":20,"column":13}},{"start":{},"end":{}}],"line":17},"1":{"loc":{"start":{"line":18,"column":33},"end":{"line":18,"column":81}},"type":"cond-expr","locations":[{"start":{"line":18,"column":58},"end":{"line":18,"column":66}},{"start":{"line":18,"column":69},"end":{"line":18,"column":81}}],"line":18},"2":{"loc":{"start":{"line":53,"column":12},"end":{"line":56,"column":13}},"type":"if","locations":[{"start":{"line":53,"column":12},"end":{"line":56,"column":13}},{"start":{},"end":{}}],"line":53},"3":{"loc":{"start":{"line":70,"column":12},"end":{"line":72,"column":13}},"type":"if","locations":[{"start":{"line":70,"column":12},"end":{"line":72,"column":13}},{"start":{},"end":{}}],"line":70}},"s":{"0":0,"1":0,"2":0,"3":0,"4":0,"5":0,"6":0,"7":0,"8":0,"9":0,"10":0,"11":0,"12":0,"13":0,"14":0,"15":0,"16":0,"17":0,"18":0,"19":0,"20":0,"21":0,"22":0,"23":0,"24":0,"25":0,"26":0,"27":0},"f":{"0":0,"1":0,"2":0,"3":0},"b":{"0":[0,0],"1":[0,0],"2":[0,0],"3":[0,0]}}
,"C:\\Users\\SINFORMATIQUE\\OneDrive - SIBM\\Documents\\Dev\\PROJET-GFA\\backend\\src\\controllers\\ticketController.js": {"path":"C:\\Users\\SINFORMATIQUE\\OneDrive - SIBM\\Documents\\Dev\\PROJET-GFA\\backend\\src\\controllers\\ticketController.js","statementMap":{"0":{"start":{"line":12,"column":8},"end":{"line":79,"column":9}},"1":{"start":{"line":24,"column":16},"end":{"line":24,"column":24}},"2":{"start":{"line":27,"column":29},"end":{"line":27,"column":64}},"3":{"start":{"line":28,"column":12},"end":{"line":30,"column":13}},"4":{"start":{"line":29,"column":16},"end":{"line":29,"column":81}},"5":{"start":{"line":33,"column":33},"end":{"line":33,"column":68}},"6":{"start":{"line":37,"column":31},"end":{"line":37,"column":67}},"7":{"start":{"line":40,"column":27},"end":{"line":56,"column":14}},"8":{"start":{"line":59,"column":23},"end":{"line":59,"column":40}},"9":{"start":{"line":60,"column":12},"end":{"line":69,"column":13}},"10":{"start":{"line":61,"column":16},"end":{"line":67,"column":19}},"11":{"start":{"line":68,"column":16},"end":{"line":68,"column":90}},"12":{"start":{"line":71,"column":12},"end":{"line":74,"column":15}},"13":{"start":{"line":77,"column":12},"end":{"line":77,"column":73}},"14":{"start":{"line":78,"column":12},"end":{"line":78,"column":93}},"15":{"start":{"line":86,"column":8},"end":{"line":104,"column":9}},"16":{"start":{"line":87,"column":43},"end":{"line":87,"column":52}},"17":{"start":{"line":88,"column":26},"end":{"line":88,"column":28}},"18":{"start":{"line":89,"column":12},"end":{"line":89,"column":46}},"19":{"start":{"line":89,"column":24},"end":{"line":89,"column":46}},"20":{"start":{"line":90,"column":12},"end":{"line":90,"column":58}},"21":{"start":{"line":90,"column":28},"end":{"line":90,"column":58}},"22":{"start":{"line":92,"column":28},"end":{"line":98,"column":14}},"23":{"start":{"line":100,"column":12},"end":{"line":100,"column":42}},"24":{"start":{"line":102,"column":12},"end":{"line":102,"column":64}},"25":{"start":{"line":103,"column":12},"end":{"line":103,"column":91}},"26":{"start":{"line":111,"column":8},"end":{"line":123,"column":9}},"27":{"start":{"line":112,"column":27},"end":{"line":114,"column":14}},"28":{"start":{"line":116,"column":12},"end":{"line":118,"column":13}},"29":{"start":{"line":117,"column":16},"end":{"line":117,"column":77}},"30":{"start":{"line":120,"column":12},"end":{"line":120,"column":41}},"31":{"start":{"line":122,"column":12},"end":{"line":122,"column":59}},"32":{"start":{"line":130,"column":8},"end":{"line":185,"column":9}},"33":{"start":{"line":131,"column":101},"end":{"line":131,"column":109}},"34":{"start":{"line":132,"column":27},"end":{"line":132,"column":63}},"35":{"start":{"line":134,"column":12},"end":{"line":136,"column":13}},"36":{"start":{"line":135,"column":16},"end":{"line":135,"column":77}},"37":{"start":{"line":138,"column":28},"end":{"line":138,"column":30}},"38":{"start":{"line":139,"column":12},"end":{"line":139,"column":48}},"39":{"start":{"line":139,"column":24},"end":{"line":139,"column":48}},"40":{"start":{"line":140,"column":12},"end":{"line":140,"column":45}},"41":{"start":{"line":140,"column":23},"end":{"line":140,"column":45}},"42":{"start":{"line":141,"column":12},"end":{"line":141,"column":72}},"43":{"start":{"line":141,"column":32},"end":{"line":141,"column":72}},"44":{"start":{"line":142,"column":12},"end":{"line":142,"column":66}},"45":{"start":{"line":142,"column":34},"end":{"line":142,"column":66}},"46":{"start":{"line":143,"column":12},"end":{"line":143,"column":54}},"47":{"start":{"line":143,"column":26},"end":{"line":143,"column":54}},"48":{"start":{"line":146,"column":12},"end":{"line":164,"column":13}},"49":{"start":{"line":147,"column":16},"end":{"line":147,"column":44}},"50":{"start":{"line":148,"column":16},"end":{"line":148,"column":49}},"51":{"start":{"line":149,"column":19},"end":{"line":164,"column":13}},"52":{"start":{"line":150,"column":16},"end":{"line":150,"column":46}},"53":{"start":{"line":151,"column":16},"end":{"line":151,"column":50}},"54":{"start":{"line":152,"column":16},"end":{"line":154,"column":17}},"55":{"start":{"line":153,"column":20},"end":{"line":153,"column":78}},"56":{"start":{"line":155,"column":19},"end":{"line":164,"column":13}},"57":{"start":{"line":156,"column":16},"end":{"line":156,"column":49}},"58":{"start":{"line":157,"column":19},"end":{"line":164,"column":13}},"59":{"start":{"line":158,"column":16},"end":{"line":158,"column":46}},"60":{"start":{"line":159,"column":16},"end":{"line":159,"column":50}},"61":{"start":{"line":160,"column":19},"end":{"line":164,"column":13}},"62":{"start":{"line":161,"column":16},"end":{"line":161,"column":54}},"63":{"start":{"line":162,"column":19},"end":{"line":164,"column":13}},"64":{"start":{"line":163,"column":16},"end":{"line":163,"column":55}},"65":{"start":{"line":166,"column":12},"end":{"line":166,"column":41}},"66":{"start":{"line":169,"column":23},"end":{"line":169,"column":40}},"67":{"start":{"line":170,"column":12},"end":{"line":176,"column":13}},"68":{"start":{"line":171,"column":16},"end":{"line":175,"column":19}},"69":{"start":{"line":178,"column":12},"end":{"line":181,"column":15}},"70":{"start":{"line":183,"column":12},"end":{"line":183,"column":62}},"71":{"start":{"line":184,"column":12},"end":{"line":184,"column":88}},"72":{"start":{"line":192,"column":8},"end":{"line":239,"column":9}},"73":{"start":{"line":193,"column":26},"end":{"line":199,"column":14}},"74":{"start":{"line":201,"column":35},"end":{"line":208,"column":14}},"75":{"start":{"line":211,"column":38},"end":{"line":219,"column":14}},"76":{"start":{"line":221,"column":28},"end":{"line":221,"column":29}},"77":{"start":{"line":222,"column":12},"end":{"line":224,"column":15}},"78":{"start":{"line":223,"column":16},"end":{"line":223,"column":84}},"79":{"start":{"line":225,"column":32},"end":{"line":225,"column":115}},"80":{"start":{"line":227,"column":12},"end":{"line":235,"column":15}},"81":{"start":{"line":232,"column":20},"end":{"line":232,"column":60}},"82":{"start":{"line":233,"column":20},"end":{"line":233,"column":31}},"83":{"start":{"line":237,"column":12},"end":{"line":237,"column":49}},"84":{"start":{"line":238,"column":12},"end":{"line":238,"column":96}}},"fnMap":{"0":{"name":"(anonymous_0)","decl":{"start":{"line":11,"column":4},"end":{"line":11,"column":5}},"loc":{"start":{"line":11,"column":33},"end":{"line":80,"column":5}},"line":11},"1":{"name":"(anonymous_1)","decl":{"start":{"line":85,"column":4},"end":{"line":85,"column":5}},"loc":{"start":{"line":85,"column":34},"end":{"line":105,"column":5}},"line":85},"2":{"name":"(anonymous_2)","decl":{"start":{"line":110,"column":4},"end":{"line":110,"column":5}},"loc":{"start":{"line":110,"column":34},"end":{"line":124,"column":5}},"line":110},"3":{"name":"(anonymous_3)","decl":{"start":{"line":129,"column":4},"end":{"line":129,"column":5}},"loc":{"start":{"line":129,"column":39},"end":{"line":186,"column":5}},"line":129},"4":{"name":"(anonymous_4)","decl":{"start":{"line":191,"column":4},"end":{"line":191,"column":5}},"loc":{"start":{"line":191,"column":29},"end":{"line":240,"column":5}},"line":191},"5":{"name":"(anonymous_5)","decl":{"start":{"line":222,"column":38},"end":{"line":222,"column":39}},"loc":{"start":{"line":222,"column":43},"end":{"line":224,"column":13}},"line":222},"6":{"name":"(anonymous_6)","decl":{"start":{"line":231,"column":46},"end":{"line":231,"column":47}},"loc":{"start":{"line":231,"column":61},"end":{"line":234,"column":17}},"line":231}},"branchMap":{"0":{"loc":{"start":{"line":28,"column":12},"end":{"line":30,"column":13}},"type":"if","locations":[{"start":{"line":28,"column":12},"end":{"line":30,"column":13}},{"start":{},"end":{}}],"line":28},"1":{"loc":{"start":{"line":50,"column":26},"end":{"line":50,"column":46}},"type":"binary-expr","locations":[{"start":{"line":50,"column":26},"end":{"line":50,"column":34}},{"start":{"line":50,"column":38},"end":{"line":50,"column":46}}],"line":50},"2":{"loc":{"start":{"line":60,"column":12},"end":{"line":69,"column":13}},"type":"if","locations":[{"start":{"line":60,"column":12},"end":{"line":69,"column":13}},{"start":{},"end":{}}],"line":60},"3":{"loc":{"start":{"line":89,"column":12},"end":{"line":89,"column":46}},"type":"if","locations":[{"start":{"line":89,"column":12},"end":{"line":89,"column":46}},{"start":{},"end":{}}],"line":89},"4":{"loc":{"start":{"line":90,"column":12},"end":{"line":90,"column":58}},"type":"if","locations":[{"start":{"line":90,"column":12},"end":{"line":90,"column":58}},{"start":{},"end":{}}],"line":90},"5":{"loc":{"start":{"line":116,"column":12},"end":{"line":118,"column":13}},"type":"if","locations":[{"start":{"line":116,"column":12},"end":{"line":118,"column":13}},{"start":{},"end":{}}],"line":116},"6":{"loc":{"start":{"line":134,"column":12},"end":{"line":136,"column":13}},"type":"if","locations":[{"start":{"line":134,"column":12},"end":{"line":136,"column":13}},{"start":{},"end":{}}],"line":134},"7":{"loc":{"start":{"line":139,"column":12},"end":{"line":139,"column":48}},"type":"if","locations":[{"start":{"line":139,"column":12},"end":{"line":139,"column":48}},{"start":{},"end":{}}],"line":139},"8":{"loc":{"start":{"line":140,"column":12},"end":{"line":140,"column":45}},"type":"if","locations":[{"start":{"line":140,"column":12},"end":{"line":140,"column":45}},{"start":{},"end":{}}],"line":140},"9":{"loc":{"start":{"line":141,"column":12},"end":{"line":141,"column":72}},"type":"if","locations":[{"start":{"line":141,"column":12},"end":{"line":141,"column":72}},{"start":{},"end":{}}],"line":141},"10":{"loc":{"start":{"line":142,"column":12},"end":{"line":142,"column":66}},"type":"if","locations":[{"start":{"line":142,"column":12},"end":{"line":142,"column":66}},{"start":{},"end":{}}],"line":142},"11":{"loc":{"start":{"line":142,"column":16},"end":{"line":142,"column":32}},"type":"binary-expr","locations":[{"start":{"line":142,"column":16},"end":{"line":142,"column":20}},{"start":{"line":142,"column":24},"end":{"line":142,"column":32}}],"line":142},"12":{"loc":{"start":{"line":142,"column":49},"end":{"line":142,"column":65}},"type":"binary-expr","locations":[{"start":{"line":142,"column":49},"end":{"line":142,"column":53}},{"start":{"line":142,"column":57},"end":{"line":142,"column":65}}],"line":142},"13":{"loc":{"start":{"line":143,"column":12},"end":{"line":143,"column":54}},"type":"if","locations":[{"start":{"line":143,"column":12},"end":{"line":143,"column":54}},{"start":{},"end":{}}],"line":143},"14":{"loc":{"start":{"line":146,"column":12},"end":{"line":164,"column":13}},"type":"if","locations":[{"start":{"line":146,"column":12},"end":{"line":164,"column":13}},{"start":{"line":149,"column":19},"end":{"line":164,"column":13}}],"line":146},"15":{"loc":{"start":{"line":149,"column":19},"end":{"line":164,"column":13}},"type":"if","locations":[{"start":{"line":149,"column":19},"end":{"line":164,"column":13}},{"start":{"line":155,"column":19},"end":{"line":164,"column":13}}],"line":149},"16":{"loc":{"start":{"line":152,"column":16},"end":{"line":154,"column":17}},"type":"if","locations":[{"start":{"line":152,"column":16},"end":{"line":154,"column":17}},{"start":{},"end":{}}],"line":152},"17":{"loc":{"start":{"line":155,"column":19},"end":{"line":164,"column":13}},"type":"if","locations":[{"start":{"line":155,"column":19},"end":{"line":164,"column":13}},{"start":{"line":157,"column":19},"end":{"line":164,"column":13}}],"line":155},"18":{"loc":{"start":{"line":157,"column":19},"end":{"line":164,"column":13}},"type":"if","locations":[{"start":{"line":157,"column":19},"end":{"line":164,"column":13}},{"start":{"line":160,"column":19},"end":{"line":164,"column":13}}],"line":157},"19":{"loc":{"start":{"line":160,"column":19},"end":{"line":164,"column":13}},"type":"if","locations":[{"start":{"line":160,"column":19},"end":{"line":164,"column":13}},{"start":{"line":162,"column":19},"end":{"line":164,"column":13}}],"line":160},"20":{"loc":{"start":{"line":162,"column":19},"end":{"line":164,"column":13}},"type":"if","locations":[{"start":{"line":162,"column":19},"end":{"line":164,"column":13}},{"start":{},"end":{}}],"line":162},"21":{"loc":{"start":{"line":170,"column":12},"end":{"line":176,"column":13}},"type":"if","locations":[{"start":{"line":170,"column":12},"end":{"line":176,"column":13}},{"start":{},"end":{}}],"line":170},"22":{"loc":{"start":{"line":225,"column":32},"end":{"line":225,"column":115}},"type":"cond-expr","locations":[{"start":{"line":225,"column":63},"end":{"line":225,"column":111}},{"start":{"line":225,"column":114},"end":{"line":225,"column":115}}],"line":225},"23":{"loc":{"start":{"line":228,"column":23},"end":{"line":228,"column":52}},"type":"binary-expr","locations":[{"start":{"line":228,"column":23},"end":{"line":228,"column":47}},{"start":{"line":228,"column":51},"end":{"line":228,"column":52}}],"line":228},"24":{"loc":{"start":{"line":229,"column":29},"end":{"line":229,"column":66}},"type":"binary-expr","locations":[{"start":{"line":229,"column":29},"end":{"line":229,"column":61}},{"start":{"line":229,"column":65},"end":{"line":229,"column":66}}],"line":229}},"s":{"0":0,"1":0,"2":0,"3":0,"4":0,"5":0,"6":0,"7":0,"8":0,"9":0,"10":0,"11":0,"12":0,"13":0,"14":0,"15":0,"16":0,"17":0,"18":0,"19":0,"20":0,"21":0,"22":0,"23":0,"24":0,"25":0,"26":0,"27":0,"28":0,"29":0,"30":0,"31":0,"32":0,"33":0,"34":0,"35":0,"36":0,"37":0,"38":0,"39":0,"40":0,"41":0,"42":0,"43":0,"44":0,"45":0,"46":0,"47":0,"48":0,"49":0,"50":0,"51":0,"52":0,"53":0,"54":0,"55":0,"56":0,"57":0,"58":0,"59":0,"60":0,"61":0,"62":0,"63":0,"64":0,"65":0,"66":0,"67":0,"68":0,"69":0,"70":0,"71":0,"72":0,"73":0,"74":0,"75":0,"76":0,"77":0,"78":0,"79":0,"80":0,"81":0,"82":0,"83":0,"84":0},"f":{"0":0,"1":0,"2":0,"3":0,"4":0,"5":0,"6":0},"b":{"0":[0,0],"1":[0,0],"2":[0,0],"3":[0,0],"4":[0,0],"5":[0,0],"6":[0,0],"7":[0,0],"8":[0,0],"9":[0,0],"10":[0,0],"11":[0,0],"12":[0,0],"13":[0,0],"14":[0,0],"15":[0,0],"16":[0,0],"17":[0,0],"18":[0,0],"19":[0,0],"20":[0,0],"21":[0,0],"22":[0,0],"23":[0,0],"24":[0,0]}}
,"C:\\Users\\SINFORMATIQUE\\OneDrive - SIBM\\Documents\\Dev\\PROJET-GFA\\backend\\src\\controllers\\userController.js": {"path":"C:\\Users\\SINFORMATIQUE\\OneDrive - SIBM\\Documents\\Dev\\PROJET-GFA\\backend\\src\\controllers\\userController.js","statementMap":{"0":{"start":{"line":10,"column":8},"end":{"line":44,"column":9}},"1":{"start":{"line":11,"column":56},"end":{"line":11,"column":64}},"2":{"start":{"line":14,"column":33},"end":{"line":18,"column":14}},"3":{"start":{"line":20,"column":12},"end":{"line":23,"column":13}},"4":{"start":{"line":21,"column":33},"end":{"line":21,"column":101}},"5":{"start":{"line":22,"column":16},"end":{"line":22,"column":88}},"6":{"start":{"line":25,"column":25},"end":{"line":30,"column":14}},"7":{"start":{"line":32,"column":12},"end":{"line":40,"column":15}},"8":{"start":{"line":42,"column":12},"end":{"line":42,"column":64}},"9":{"start":{"line":43,"column":12},"end":{"line":43,"column":93}},"10":{"start":{"line":51,"column":8},"end":{"line":60,"column":9}},"11":{"start":{"line":52,"column":26},"end":{"line":55,"column":14}},"12":{"start":{"line":56,"column":12},"end":{"line":56,"column":40}},"13":{"start":{"line":58,"column":12},"end":{"line":58,"column":69}},"14":{"start":{"line":59,"column":12},"end":{"line":59,"column":96}},"15":{"start":{"line":67,"column":8},"end":{"line":77,"column":9}},"16":{"start":{"line":68,"column":25},"end":{"line":70,"column":14}},"17":{"start":{"line":71,"column":12},"end":{"line":73,"column":13}},"18":{"start":{"line":72,"column":16},"end":{"line":72,"column":82}},"19":{"start":{"line":74,"column":12},"end":{"line":74,"column":39}},"20":{"start":{"line":76,"column":12},"end":{"line":76,"column":59}},"21":{"start":{"line":84,"column":8},"end":{"line":133,"column":9}},"22":{"start":{"line":85,"column":66},"end":{"line":85,"column":74}},"23":{"start":{"line":86,"column":25},"end":{"line":86,"column":59}},"24":{"start":{"line":88,"column":12},"end":{"line":90,"column":13}},"25":{"start":{"line":89,"column":16},"end":{"line":89,"column":82}},"26":{"start":{"line":93,"column":12},"end":{"line":109,"column":13}},"27":{"start":{"line":94,"column":38},"end":{"line":94,"column":40}},"28":{"start":{"line":95,"column":16},"end":{"line":95,"column":81}},"29":{"start":{"line":95,"column":51},"end":{"line":95,"column":81}},"30":{"start":{"line":96,"column":16},"end":{"line":96,"column":93}},"31":{"start":{"line":96,"column":60},"end":{"line":96,"column":93}},"32":{"start":{"line":98,"column":37},"end":{"line":103,"column":18}},"33":{"start":{"line":105,"column":16},"end":{"line":108,"column":17}},"34":{"start":{"line":106,"column":37},"end":{"line":106,"column":105}},"35":{"start":{"line":107,"column":20},"end":{"line":107,"column":92}},"36":{"start":{"line":111,"column":28},"end":{"line":111,"column":30}},"37":{"start":{"line":112,"column":12},"end":{"line":112,"column":54}},"38":{"start":{"line":112,"column":26},"end":{"line":112,"column":54}},"39":{"start":{"line":113,"column":12},"end":{"line":113,"column":45}},"40":{"start":{"line":113,"column":23},"end":{"line":113,"column":45}},"41":{"start":{"line":114,"column":12},"end":{"line":114,"column":42}},"42":{"start":{"line":114,"column":22},"end":{"line":114,"column":42}},"43":{"start":{"line":115,"column":12},"end":{"line":115,"column":68}},"44":{"start":{"line":115,"column":40},"end":{"line":115,"column":68}},"45":{"start":{"line":116,"column":12},"end":{"line":116,"column":54}},"46":{"start":{"line":116,"column":26},"end":{"line":116,"column":54}},"47":{"start":{"line":118,"column":12},"end":{"line":118,"column":39}},"48":{"start":{"line":120,"column":12},"end":{"line":129,"column":15}},"49":{"start":{"line":131,"column":12},"end":{"line":131,"column":67}},"50":{"start":{"line":132,"column":12},"end":{"line":132,"column":96}},"51":{"start":{"line":140,"column":8},"end":{"line":152,"column":9}},"52":{"start":{"line":141,"column":25},"end":{"line":141,"column":59}},"53":{"start":{"line":142,"column":12},"end":{"line":144,"column":13}},"54":{"start":{"line":143,"column":16},"end":{"line":143,"column":82}},"55":{"start":{"line":148,"column":12},"end":{"line":148,"column":33}},"56":{"start":{"line":149,"column":12},"end":{"line":149,"column":83}},"57":{"start":{"line":151,"column":12},"end":{"line":151,"column":59}}},"fnMap":{"0":{"name":"(anonymous_0)","decl":{"start":{"line":9,"column":4},"end":{"line":9,"column":5}},"loc":{"start":{"line":9,"column":31},"end":{"line":45,"column":5}},"line":9},"1":{"name":"(anonymous_1)","decl":{"start":{"line":50,"column":4},"end":{"line":50,"column":5}},"loc":{"start":{"line":50,"column":32},"end":{"line":61,"column":5}},"line":50},"2":{"name":"(anonymous_2)","decl":{"start":{"line":66,"column":4},"end":{"line":66,"column":5}},"loc":{"start":{"line":66,"column":32},"end":{"line":78,"column":5}},"line":66},"3":{"name":"(anonymous_3)","decl":{"start":{"line":83,"column":4},"end":{"line":83,"column":5}},"loc":{"start":{"line":83,"column":31},"end":{"line":134,"column":5}},"line":83},"4":{"name":"(anonymous_4)","decl":{"start":{"line":139,"column":4},"end":{"line":139,"column":5}},"loc":{"start":{"line":139,"column":31},"end":{"line":153,"column":5}},"line":139}},"branchMap":{"0":{"loc":{"start":{"line":20,"column":12},"end":{"line":23,"column":13}},"type":"if","locations":[{"start":{"line":20,"column":12},"end":{"line":23,"column":13}},{"start":{},"end":{}}],"line":20},"1":{"loc":{"start":{"line":21,"column":33},"end":{"line":21,"column":101}},"type":"cond-expr","locations":[{"start":{"line":21,"column":64},"end":{"line":21,"column":75}},{"start":{"line":21,"column":78},"end":{"line":21,"column":101}}],"line":21},"2":{"loc":{"start":{"line":71,"column":12},"end":{"line":73,"column":13}},"type":"if","locations":[{"start":{"line":71,"column":12},"end":{"line":73,"column":13}},{"start":{},"end":{}}],"line":71},"3":{"loc":{"start":{"line":88,"column":12},"end":{"line":90,"column":13}},"type":"if","locations":[{"start":{"line":88,"column":12},"end":{"line":90,"column":13}},{"start":{},"end":{}}],"line":88},"4":{"loc":{"start":{"line":93,"column":12},"end":{"line":109,"column":13}},"type":"if","locations":[{"start":{"line":93,"column":12},"end":{"line":109,"column":13}},{"start":{},"end":{}}],"line":93},"5":{"loc":{"start":{"line":93,"column":16},"end":{"line":93,"column":91}},"type":"binary-expr","locations":[{"start":{"line":93,"column":17},"end":{"line":93,"column":22}},{"start":{"line":93,"column":26},"end":{"line":93,"column":46}},{"start":{"line":93,"column":52},"end":{"line":93,"column":60}},{"start":{"line":93,"column":64},"end":{"line":93,"column":90}}],"line":93},"6":{"loc":{"start":{"line":95,"column":16},"end":{"line":95,"column":81}},"type":"if","locations":[{"start":{"line":95,"column":16},"end":{"line":95,"column":81}},{"start":{},"end":{}}],"line":95},"7":{"loc":{"start":{"line":95,"column":20},"end":{"line":95,"column":49}},"type":"binary-expr","locations":[{"start":{"line":95,"column":20},"end":{"line":95,"column":25}},{"start":{"line":95,"column":29},"end":{"line":95,"column":49}}],"line":95},"8":{"loc":{"start":{"line":96,"column":16},"end":{"line":96,"column":93}},"type":"if","locations":[{"start":{"line":96,"column":16},"end":{"line":96,"column":93}},{"start":{},"end":{}}],"line":96},"9":{"loc":{"start":{"line":96,"column":20},"end":{"line":96,"column":58}},"type":"binary-expr","locations":[{"start":{"line":96,"column":20},"end":{"line":96,"column":28}},{"start":{"line":96,"column":32},"end":{"line":96,"column":58}}],"line":96},"10":{"loc":{"start":{"line":105,"column":16},"end":{"line":108,"column":17}},"type":"if","locations":[{"start":{"line":105,"column":16},"end":{"line":108,"column":17}},{"start":{},"end":{}}],"line":105},"11":{"loc":{"start":{"line":106,"column":37},"end":{"line":106,"column":105}},"type":"cond-expr","locations":[{"start":{"line":106,"column":68},"end":{"line":106,"column":79}},{"start":{"line":106,"column":82},"end":{"line":106,"column":105}}],"line":106},"12":{"loc":{"start":{"line":112,"column":12},"end":{"line":112,"column":54}},"type":"if","locations":[{"start":{"line":112,"column":12},"end":{"line":112,"column":54}},{"start":{},"end":{}}],"line":112},"13":{"loc":{"start":{"line":113,"column":12},"end":{"line":113,"column":45}},"type":"if","locations":[{"start":{"line":113,"column":12},"end":{"line":113,"column":45}},{"start":{},"end":{}}],"line":113},"14":{"loc":{"start":{"line":114,"column":12},"end":{"line":114,"column":42}},"type":"if","locations":[{"start":{"line":114,"column":12},"end":{"line":114,"column":42}},{"start":{},"end":{}}],"line":114},"15":{"loc":{"start":{"line":115,"column":12},"end":{"line":115,"column":68}},"type":"if","locations":[{"start":{"line":115,"column":12},"end":{"line":115,"column":68}},{"start":{},"end":{}}],"line":115},"16":{"loc":{"start":{"line":116,"column":12},"end":{"line":116,"column":54}},"type":"if","locations":[{"start":{"line":116,"column":12},"end":{"line":116,"column":54}},{"start":{},"end":{}}],"line":116},"17":{"loc":{"start":{"line":142,"column":12},"end":{"line":144,"column":13}},"type":"if","locations":[{"start":{"line":142,"column":12},"end":{"line":144,"column":13}},{"start":{},"end":{}}],"line":142}},"s":{"0":0,"1":0,"2":0,"3":0,"4":0,"5":0,"6":0,"7":0,"8":0,"9":0,"10":0,"11":0,"12":0,"13":0,"14":0,"15":0,"16":0,"17":0,"18":0,"19":0,"20":0,"21":0,"22":0,"23":0,"24":0,"25":0,"26":0,"27":0,"28":0,"29":0,"30":0,"31":0,"32":0,"33":0,"34":0,"35":0,"36":0,"37":0,"38":0,"39":0,"40":0,"41":0,"42":0,"43":0,"44":0,"45":0,"46":0,"47":0,"48":0,"49":0,"50":0,"51":0,"52":0,"53":0,"54":0,"55":0,"56":0,"57":0},"f":{"0":0,"1":0,"2":0,"3":0,"4":0},"b":{"0":[0,0],"1":[0,0],"2":[0,0],"3":[0,0],"4":[0,0],"5":[0,0,0,0],"6":[0,0],"7":[0,0],"8":[0,0],"9":[0,0],"10":[0,0],"11":[0,0],"12":[0,0],"13":[0,0],"14":[0,0],"15":[0,0],"16":[0,0],"17":[0,0]}}
,"C:\\Users\\SINFORMATIQUE\\OneDrive - SIBM\\Documents\\Dev\\PROJET-GFA\\backend\\src\\middlewares\\auth.middleware.js": {"path":"C:\\Users\\SINFORMATIQUE\\OneDrive - SIBM\\Documents\\Dev\\PROJET-GFA\\backend\\src\\middlewares\\auth.middleware.js","statementMap":{"0":{"start":{"line":7,"column":8},"end":{"line":33,"column":9}},"1":{"start":{"line":8,"column":31},"end":{"line":8,"column":56}},"2":{"start":{"line":10,"column":12},"end":{"line":12,"column":13}},"3":{"start":{"line":11,"column":16},"end":{"line":11,"column":94}},"4":{"start":{"line":14,"column":26},"end":{"line":14,"column":50}},"5":{"start":{"line":15,"column":28},"end":{"line":15,"column":121}},"6":{"start":{"line":17,"column":25},"end":{"line":17,"column":56}},"7":{"start":{"line":18,"column":12},"end":{"line":20,"column":13}},"8":{"start":{"line":19,"column":16},"end":{"line":19,"column":82}},"9":{"start":{"line":22,"column":12},"end":{"line":24,"column":13}},"10":{"start":{"line":23,"column":16},"end":{"line":23,"column":76}},"11":{"start":{"line":26,"column":12},"end":{"line":26,"column":28}},"12":{"start":{"line":27,"column":12},"end":{"line":27,"column":19}},"13":{"start":{"line":29,"column":12},"end":{"line":31,"column":13}},"14":{"start":{"line":30,"column":16},"end":{"line":30,"column":102}},"15":{"start":{"line":32,"column":12},"end":{"line":32,"column":70}},"16":{"start":{"line":38,"column":8},"end":{"line":50,"column":10}},"17":{"start":{"line":39,"column":12},"end":{"line":41,"column":13}},"18":{"start":{"line":40,"column":16},"end":{"line":40,"column":87}},"19":{"start":{"line":43,"column":12},"end":{"line":47,"column":13}},"20":{"start":{"line":44,"column":16},"end":{"line":46,"column":19}},"21":{"start":{"line":49,"column":12},"end":{"line":49,"column":19}}},"fnMap":{"0":{"name":"(anonymous_0)","decl":{"start":{"line":6,"column":4},"end":{"line":6,"column":5}},"loc":{"start":{"line":6,"column":39},"end":{"line":34,"column":5}},"line":6},"1":{"name":"(anonymous_1)","decl":{"start":{"line":37,"column":4},"end":{"line":37,"column":5}},"loc":{"start":{"line":37,"column":24},"end":{"line":51,"column":5}},"line":37},"2":{"name":"(anonymous_2)","decl":{"start":{"line":38,"column":15},"end":{"line":38,"column":16}},"loc":{"start":{"line":38,"column":35},"end":{"line":50,"column":9}},"line":38}},"branchMap":{"0":{"loc":{"start":{"line":10,"column":12},"end":{"line":12,"column":13}},"type":"if","locations":[{"start":{"line":10,"column":12},"end":{"line":12,"column":13}},{"start":{},"end":{}}],"line":10},"1":{"loc":{"start":{"line":10,"column":16},"end":{"line":10,"column":64}},"type":"binary-expr","locations":[{"start":{"line":10,"column":16},"end":{"line":10,"column":27}},{"start":{"line":10,"column":31},"end":{"line":10,"column":64}}],"line":10},"2":{"loc":{"start":{"line":15,"column":46},"end":{"line":15,"column":120}},"type":"binary-expr","locations":[{"start":{"line":15,"column":46},"end":{"line":15,"column":68}},{"start":{"line":15,"column":72},"end":{"line":15,"column":120}}],"line":15},"3":{"loc":{"start":{"line":18,"column":12},"end":{"line":20,"column":13}},"type":"if","locations":[{"start":{"line":18,"column":12},"end":{"line":20,"column":13}},{"start":{},"end":{}}],"line":18},"4":{"loc":{"start":{"line":22,"column":12},"end":{"line":24,"column":13}},"type":"if","locations":[{"start":{"line":22,"column":12},"end":{"line":24,"column":13}},{"start":{},"end":{}}],"line":22},"5":{"loc":{"start":{"line":29,"column":12},"end":{"line":31,"column":13}},"type":"if","locations":[{"start":{"line":29,"column":12},"end":{"line":31,"column":13}},{"start":{},"end":{}}],"line":29},"6":{"loc":{"start":{"line":39,"column":12},"end":{"line":41,"column":13}},"type":"if","locations":[{"start":{"line":39,"column":12},"end":{"line":41,"column":13}},{"start":{},"end":{}}],"line":39},"7":{"loc":{"start":{"line":43,"column":12},"end":{"line":47,"column":13}},"type":"if","locations":[{"start":{"line":43,"column":12},"end":{"line":47,"column":13}},{"start":{},"end":{}}],"line":43}},"s":{"0":0,"1":0,"2":0,"3":0,"4":0,"5":0,"6":0,"7":0,"8":0,"9":0,"10":0,"11":0,"12":0,"13":0,"14":0,"15":0,"16":0,"17":0,"18":0,"19":0,"20":0,"21":0},"f":{"0":0,"1":0,"2":0},"b":{"0":[0,0],"1":[0,0],"2":[0,0],"3":[0,0],"4":[0,0],"5":[0,0],"6":[0,0],"7":[0,0]}}
,"C:\\Users\\SINFORMATIQUE\\OneDrive - SIBM\\Documents\\Dev\\PROJET-GFA\\backend\\src\\models\\Category.js": {"path":"C:\\Users\\SINFORMATIQUE\\OneDrive - SIBM\\Documents\\Dev\\PROJET-GFA\\backend\\src\\models\\Category.js","statementMap":{"0":{"start":{"line":6,"column":0},"end":{"line":42,"column":3}}},"fnMap":{},"branchMap":{},"s":{"0":0},"f":{},"b":{}}
,"C:\\Users\\SINFORMATIQUE\\OneDrive - SIBM\\Documents\\Dev\\PROJET-GFA\\backend\\src\\models\\Ticket.js": {"path":"C:\\Users\\SINFORMATIQUE\\OneDrive - SIBM\\Documents\\Dev\\PROJET-GFA\\backend\\src\\models\\Ticket.js","statementMap":{"0":{"start":{"line":7,"column":18},"end":{"line":7,"column":28}},"1":{"start":{"line":8,"column":20},"end":{"line":8,"column":70}},"2":{"start":{"line":11,"column":23},"end":{"line":18,"column":6}},"3":{"start":{"line":20,"column":19},"end":{"line":20,"column":20}},"4":{"start":{"line":21,"column":4},"end":{"line":24,"column":5}},"5":{"start":{"line":22,"column":27},"end":{"line":22,"column":74}},"6":{"start":{"line":23,"column":6},"end":{"line":23,"column":34}},"7":{"start":{"line":26,"column":4},"end":{"line":26,"column":67}},"8":{"start":{"line":31,"column":4},"end":{"line":31,"column":34}},"9":{"start":{"line":31,"column":25},"end":{"line":31,"column":34}},"10":{"start":{"line":33,"column":20},"end":{"line":33,"column":47}},"11":{"start":{"line":34,"column":4},"end":{"line":34,"column":62}},"12":{"start":{"line":39,"column":4},"end":{"line":39,"column":58}},"13":{"start":{"line":39,"column":46},"end":{"line":39,"column":58}},"14":{"start":{"line":41,"column":4},"end":{"line":41,"column":71}},"15":{"start":{"line":45,"column":0},"end":{"line":219,"column":3}}},"fnMap":{"0":{"name":"(anonymous_0)","decl":{"start":{"line":6,"column":2},"end":{"line":6,"column":3}},"loc":{"start":{"line":6,"column":38},"end":{"line":27,"column":3}},"line":6},"1":{"name":"(anonymous_1)","decl":{"start":{"line":30,"column":2},"end":{"line":30,"column":3}},"loc":{"start":{"line":30,"column":19},"end":{"line":35,"column":3}},"line":30},"2":{"name":"(anonymous_2)","decl":{"start":{"line":38,"column":2},"end":{"line":38,"column":3}},"loc":{"start":{"line":38,"column":21},"end":{"line":42,"column":3}},"line":38}},"branchMap":{"0":{"loc":{"start":{"line":21,"column":4},"end":{"line":24,"column":5}},"type":"if","locations":[{"start":{"line":21,"column":4},"end":{"line":24,"column":5}},{"start":{},"end":{}}],"line":21},"1":{"loc":{"start":{"line":31,"column":4},"end":{"line":31,"column":34}},"type":"if","locations":[{"start":{"line":31,"column":4},"end":{"line":31,"column":34}},{"start":{},"end":{}}],"line":31},"2":{"loc":{"start":{"line":33,"column":20},"end":{"line":33,"column":47}},"type":"binary-expr","locations":[{"start":{"line":33,"column":20},"end":{"line":33,"column":33}},{"start":{"line":33,"column":37},"end":{"line":33,"column":47}}],"line":33},"3":{"loc":{"start":{"line":39,"column":4},"end":{"line":39,"column":58}},"type":"if","locations":[{"start":{"line":39,"column":4},"end":{"line":39,"column":58}},{"start":{},"end":{}}],"line":39},"4":{"loc":{"start":{"line":39,"column":8},"end":{"line":39,"column":44}},"type":"binary-expr","locations":[{"start":{"line":39,"column":8},"end":{"line":39,"column":23}},{"start":{"line":39,"column":27},"end":{"line":39,"column":44}}],"line":39}},"s":{"0":0,"1":0,"2":0,"3":0,"4":0,"5":0,"6":0,"7":0,"8":0,"9":0,"10":0,"11":0,"12":0,"13":0,"14":0,"15":0},"f":{"0":0,"1":0,"2":0},"b":{"0":[0,0],"1":[0,0],"2":[0,0],"3":[0,0],"4":[0,0]}}
,"C:\\Users\\SINFORMATIQUE\\OneDrive - SIBM\\Documents\\Dev\\PROJET-GFA\\backend\\src\\models\\User.js": {"path":"C:\\Users\\SINFORMATIQUE\\OneDrive - SIBM\\Documents\\Dev\\PROJET-GFA\\backend\\src\\models\\User.js","statementMap":{"0":{"start":{"line":7,"column":8},"end":{"line":7,"column":61}},"1":{"start":{"line":11,"column":0},"end":{"line":61,"column":3}},"2":{"start":{"line":51,"column":12},"end":{"line":53,"column":13}},"3":{"start":{"line":52,"column":16},"end":{"line":52,"column":69}},"4":{"start":{"line":56,"column":12},"end":{"line":58,"column":13}},"5":{"start":{"line":57,"column":16},"end":{"line":57,"column":69}}},"fnMap":{"0":{"name":"(anonymous_0)","decl":{"start":{"line":6,"column":4},"end":{"line":6,"column":5}},"loc":{"start":{"line":6,"column":37},"end":{"line":8,"column":5}},"line":6},"1":{"name":"(anonymous_1)","decl":{"start":{"line":50,"column":22},"end":{"line":50,"column":23}},"loc":{"start":{"line":50,"column":38},"end":{"line":54,"column":9}},"line":50},"2":{"name":"(anonymous_2)","decl":{"start":{"line":55,"column":22},"end":{"line":55,"column":23}},"loc":{"start":{"line":55,"column":38},"end":{"line":59,"column":9}},"line":55}},"branchMap":{"0":{"loc":{"start":{"line":51,"column":12},"end":{"line":53,"column":13}},"type":"if","locations":[{"start":{"line":51,"column":12},"end":{"line":53,"column":13}},{"start":{},"end":{}}],"line":51},"1":{"loc":{"start":{"line":56,"column":12},"end":{"line":58,"column":13}},"type":"if","locations":[{"start":{"line":56,"column":12},"end":{"line":58,"column":13}},{"start":{},"end":{}}],"line":56}},"s":{"0":0,"1":0,"2":0,"3":0,"4":0,"5":0},"f":{"0":0,"1":0,"2":0},"b":{"0":[0,0],"1":[0,0]}}
,"C:\\Users\\SINFORMATIQUE\\OneDrive - SIBM\\Documents\\Dev\\PROJET-GFA\\backend\\src\\models\\index.js": {"path":"C:\\Users\\SINFORMATIQUE\\OneDrive - SIBM\\Documents\\Dev\\PROJET-GFA\\backend\\src\\models\\index.js","statementMap":{"0":{"start":{"line":6,"column":0},"end":{"line":6,"column":73}},"1":{"start":{"line":7,"column":0},"end":{"line":7,"column":70}},"2":{"start":{"line":10,"column":0},"end":{"line":10,"column":71}},"3":{"start":{"line":11,"column":0},"end":{"line":11,"column":69}},"4":{"start":{"line":13,"column":0},"end":{"line":13,"column":74}},"5":{"start":{"line":14,"column":0},"end":{"line":14,"column":72}}},"fnMap":{},"branchMap":{},"s":{"0":0,"1":0,"2":0,"3":0,"4":0,"5":0},"f":{},"b":{}}
,"C:\\Users\\SINFORMATIQUE\\OneDrive - SIBM\\Documents\\Dev\\PROJET-GFA\\backend\\src\\routes\\auth.routes.js": {"path":"C:\\Users\\SINFORMATIQUE\\OneDrive - SIBM\\Documents\\Dev\\PROJET-GFA\\backend\\src\\routes\\auth.routes.js","statementMap":{"0":{"start":{"line":5,"column":15},"end":{"line":5,"column":31}},"1":{"start":{"line":7,"column":0},"end":{"line":7,"column":44}},"2":{"start":{"line":8,"column":0},"end":{"line":8,"column":50}},"3":{"start":{"line":9,"column":0},"end":{"line":9,"column":69}}},"fnMap":{},"branchMap":{},"s":{"0":0,"1":0,"2":0,"3":0},"f":{},"b":{}}
,"C:\\Users\\SINFORMATIQUE\\OneDrive - SIBM\\Documents\\Dev\\PROJET-GFA\\backend\\src\\routes\\category.js": {"path":"C:\\Users\\SINFORMATIQUE\\OneDrive - SIBM\\Documents\\Dev\\PROJET-GFA\\backend\\src\\routes\\category.js","statementMap":{"0":{"start":{"line":1,"column":16},"end":{"line":1,"column":34}},"1":{"start":{"line":2,"column":15},"end":{"line":2,"column":31}},"2":{"start":{"line":3,"column":27},"end":{"line":3,"column":72}},"3":{"start":{"line":4,"column":36},"end":{"line":4,"column":77}},"4":{"start":{"line":7,"column":0},"end":{"line":7,"column":25}},"5":{"start":{"line":10,"column":0},"end":{"line":10,"column":53}},"6":{"start":{"line":11,"column":0},"end":{"line":11,"column":55}},"7":{"start":{"line":14,"column":0},"end":{"line":18,"column":2}},"8":{"start":{"line":20,"column":0},"end":{"line":24,"column":2}},"9":{"start":{"line":26,"column":0},"end":{"line":30,"column":2}},"10":{"start":{"line":32,"column":0},"end":{"line":36,"column":2}},"11":{"start":{"line":38,"column":0},"end":{"line":38,"column":24}}},"fnMap":{},"branchMap":{},"s":{"0":0,"1":0,"2":0,"3":0,"4":0,"5":0,"6":0,"7":0,"8":0,"9":0,"10":0,"11":0},"f":{},"b":{}}
,"C:\\Users\\SINFORMATIQUE\\OneDrive - SIBM\\Documents\\Dev\\PROJET-GFA\\backend\\src\\routes\\category.routes.js": {"path":"C:\\Users\\SINFORMATIQUE\\OneDrive - SIBM\\Documents\\Dev\\PROJET-GFA\\backend\\src\\routes\\category.routes.js","statementMap":{"0":{"start":{"line":5,"column":15},"end":{"line":5,"column":31}},"1":{"start":{"line":9,"column":0},"end":{"line":9,"column":53}},"2":{"start":{"line":10,"column":0},"end":{"line":10,"column":52}},"3":{"start":{"line":11,"column":0},"end":{"line":11,"column":54}},"4":{"start":{"line":12,"column":0},"end":{"line":12,"column":57}}},"fnMap":{},"branchMap":{},"s":{"0":0,"1":0,"2":0,"3":0,"4":0},"f":{},"b":{}}
,"C:\\Users\\SINFORMATIQUE\\OneDrive - SIBM\\Documents\\Dev\\PROJET-GFA\\backend\\src\\routes\\ticket.routes.js": {"path":"C:\\Users\\SINFORMATIQUE\\OneDrive - SIBM\\Documents\\Dev\\PROJET-GFA\\backend\\src\\routes\\ticket.routes.js","statementMap":{"0":{"start":{"line":7,"column":15},"end":{"line":7,"column":31}},"1":{"start":{"line":9,"column":0},"end":{"line":9,"column":40}},"2":{"start":{"line":11,"column":0},"end":{"line":11,"column":48}},"3":{"start":{"line":12,"column":0},"end":{"line":12,"column":48}},"4":{"start":{"line":13,"column":0},"end":{"line":13,"column":48}},"5":{"start":{"line":14,"column":0},"end":{"line":14,"column":51}},"6":{"start":{"line":15,"column":0},"end":{"line":15,"column":63}}},"fnMap":{},"branchMap":{},"s":{"0":0,"1":0,"2":0,"3":0,"4":0,"5":0,"6":0},"f":{},"b":{}}
,"C:\\Users\\SINFORMATIQUE\\OneDrive - SIBM\\Documents\\Dev\\PROJET-GFA\\backend\\src\\routes\\user.routes.js": {"path":"C:\\Users\\SINFORMATIQUE\\OneDrive - SIBM\\Documents\\Dev\\PROJET-GFA\\backend\\src\\routes\\user.routes.js","statementMap":{"0":{"start":{"line":5,"column":15},"end":{"line":5,"column":31}},"1":{"start":{"line":8,"column":0},"end":{"line":8,"column":40}},"2":{"start":{"line":9,"column":0},"end":{"line":9,"column":46}},"3":{"start":{"line":11,"column":0},"end":{"line":11,"column":44}},"4":{"start":{"line":12,"column":0},"end":{"line":12,"column":44}},"5":{"start":{"line":13,"column":0},"end":{"line":13,"column":47}},"6":{"start":{"line":14,"column":0},"end":{"line":14,"column":46}},"7":{"start":{"line":15,"column":0},"end":{"line":15,"column":49}}},"fnMap":{},"branchMap":{},"s":{"0":0,"1":0,"2":0,"3":0,"4":0,"5":0,"6":0,"7":0},"f":{},"b":{}}
}
